[2019-05-02 20:45:51] local.ERROR: Call to undefined function get() {"exception":"[object] (Symfony\\Component\\Debug\\Exception\\FatalThrowableError(code: 0): Call to undefined function get() at C:\\Users\\HP\\Desktop\\projects\\laravel\\MVF\\MVF\outes\\web.php:21)
[stacktrace]
#0 C:\\Users\\HP\\Desktop\\projects\\laravel\\MVF\\MVF\\vendor\\laravel\\framework\\src\\Illuminate\\Routing\\RouteFileRegistrar.php(35): require()
#1 C:\\Users\\HP\\Desktop\\projects\\laravel\\MVF\\MVF\\vendor\\laravel\\framework\\src\\Illuminate\\Routing\\Router.php(415): Illuminate\\Routing\\RouteFileRegistrar->register('C:\\\\Users\\\\HP\\\\Des...')
#2 C:\\Users\\HP\\Desktop\\projects\\laravel\\MVF\\MVF\\vendor\\laravel\\framework\\src\\Illuminate\\Routing\\Router.php(373): Illuminate\\Routing\\Router->loadRoutes('C:\\\\Users\\\\HP\\\\Des...')
#3 C:\\Users\\HP\\Desktop\\projects\\laravel\\MVF\\MVF\\vendor\\laravel\\framework\\src\\Illuminate\\Routing\\RouteRegistrar.php(121): Illuminate\\Routing\\Router->group(Array, 'C:\\\\Users\\\\HP\\\\Des...')
#4 C:\\Users\\HP\\Desktop\\projects\\laravel\\MVF\\MVF\\app\\Providers\\RouteServiceProvider.php(56): Illuminate\\Routing\\RouteRegistrar->group('C:\\\\Users\\\\HP\\\\Des...')
#5 C:\\Users\\HP\\Desktop\\projects\\laravel\\MVF\\MVF\\app\\Providers\\RouteServiceProvider.php(40): MVF\\Providers\\RouteServiceProvider->mapWebRoutes()
#6 [internal function]: MVF\\Providers\\RouteServiceProvider->map()
#7 C:\\Users\\HP\\Desktop\\projects\\laravel\\MVF\\MVF\\vendor\\laravel\\framework\\src\\Illuminate\\Container\\BoundMethod.php(32): call_user_func_array(Array, Array)
#8 C:\\Users\\HP\\Desktop\\projects\\laravel\\MVF\\MVF\\vendor\\laravel\\framework\\src\\Illuminate\\Container\\BoundMethod.php(90): Illuminate\\Container\\BoundMethod::Illuminate\\Container\\{closure}()
#9 C:\\Users\\HP\\Desktop\\projects\\laravel\\MVF\\MVF\\vendor\\laravel\\framework\\src\\Illuminate\\Container\\BoundMethod.php(34): Illuminate\\Container\\BoundMethod::callBoundMethod(Object(Illuminate\\Foundation\\Application), Array, Object(Closure))
#10 C:\\Users\\HP\\Desktop\\projects\\laravel\\MVF\\MVF\\vendor\\laravel\\framework\\src\\Illuminate\\Container\\Container.php(576): Illuminate\\Container\\BoundMethod::call(Object(Illuminate\\Foundation\\Application), Array, Array, NULL)
#11 C:\\Users\\HP\\Desktop\\projects\\laravel\\MVF\\MVF\\vendor\\laravel\\framework\\src\\Illuminate\\Foundation\\Support\\Providers\\RouteServiceProvider.php(87): Illuminate\\Container\\Container->call(Array)
#12 C:\\Users\\HP\\Desktop\\projects\\laravel\\MVF\\MVF\\vendor\\laravel\\framework\\src\\Illuminate\\Foundation\\Support\\Providers\\RouteServiceProvider.php(36): Illuminate\\Foundation\\Support\\Providers\\RouteServiceProvider->loadRoutes()
#13 C:\\Users\\HP\\Desktop\\projects\\laravel\\MVF\\MVF\\app\\Providers\\RouteServiceProvider.php(28): Illuminate\\Foundation\\Support\\Providers\\RouteServiceProvider->boot()
#14 [internal function]: MVF\\Providers\\RouteServiceProvider->boot()
#15 C:\\Users\\HP\\Desktop\\projects\\laravel\\MVF\\MVF\\vendor\\laravel\\framework\\src\\Illuminate\\Container\\BoundMethod.php(32): call_user_func_array(Array, Array)
#16 C:\\Users\\HP\\Desktop\\projects\\laravel\\MVF\\MVF\\vendor\\laravel\\framework\\src\\Illuminate\\Container\\BoundMethod.php(90): Illuminate\\Container\\BoundMethod::Illuminate\\Container\\{closure}()
#17 C:\\Users\\HP\\Desktop\\projects\\laravel\\MVF\\MVF\\vendor\\laravel\\framework\\src\\Illuminate\\Container\\BoundMethod.php(34): Illuminate\\Container\\BoundMethod::callBoundMethod(Object(Illuminate\\Foundation\\Application), Array, Object(Closure))
#18 C:\\Users\\HP\\Desktop\\projects\\laravel\\MVF\\MVF\\vendor\\laravel\\framework\\src\\Illuminate\\Container\\Container.php(576): Illuminate\\Container\\BoundMethod::call(Object(Illuminate\\Foundation\\Application), Array, Array, NULL)
#19 C:\\Users\\HP\\Desktop\\projects\\laravel\\MVF\\MVF\\vendor\\laravel\\framework\\src\\Illuminate\\Foundation\\Application.php(817): Illuminate\\Container\\Container->call(Array)
#20 C:\\Users\\HP\\Desktop\\projects\\laravel\\MVF\\MVF\\vendor\\laravel\\framework\\src\\Illuminate\\Foundation\\Application.php(800): Illuminate\\Foundation\\Application->bootProvider(Object(MVF\\Providers\\RouteServiceProvider))
#21 [internal function]: Illuminate\\Foundation\\Application->Illuminate\\Foundation\\{closure}(Object(MVF\\Providers\\RouteServiceProvider), 20)
#22 C:\\Users\\HP\\Desktop\\projects\\laravel\\MVF\\MVF\\vendor\\laravel\\framework\\src\\Illuminate\\Foundation\\Application.php(801): array_walk(Array, Object(Closure))
#23 C:\\Users\\HP\\Desktop\\projects\\laravel\\MVF\\MVF\\vendor\\laravel\\framework\\src\\Illuminate\\Foundation\\Bootstrap\\BootProviders.php(17): Illuminate\\Foundation\\Application->boot()
#24 C:\\Users\\HP\\Desktop\\projects\\laravel\\MVF\\MVF\\vendor\\laravel\\framework\\src\\Illuminate\\Foundation\\Application.php(210): Illuminate\\Foundation\\Bootstrap\\BootProviders->bootstrap(Object(Illuminate\\Foundation\\Application))
#25 C:\\Users\\HP\\Desktop\\projects\\laravel\\MVF\\MVF\\vendor\\laravel\\framework\\src\\Illuminate\\Foundation\\Http\\Kernel.php(162): Illuminate\\Foundation\\Application->bootstrapWith(Array)
#26 C:\\Users\\HP\\Desktop\\projects\\laravel\\MVF\\MVF\\vendor\\laravel\\framework\\src\\Illuminate\\Foundation\\Http\\Kernel.php(146): Illuminate\\Foundation\\Http\\Kernel->bootstrap()
#27 C:\\Users\\HP\\Desktop\\projects\\laravel\\MVF\\MVF\\vendor\\laravel\\framework\\src\\Illuminate\\Foundation\\Http\\Kernel.php(116): Illuminate\\Foundation\\Http\\Kernel->sendRequestThroughRouter(Object(Illuminate\\Http\\Request))
#28 C:\\Users\\HP\\Desktop\\projects\\laravel\\MVF\\MVF\\public\\index.php(55): Illuminate\\Foundation\\Http\\Kernel->handle(Object(Illuminate\\Http\\Request))
#29 C:\\Users\\HP\\Desktop\\projects\\laravel\\MVF\\MVF\\server.php(21): require_once('C:\\\\Users\\\\HP\\\\Des...')
#30 {main}
"} 
